This is e-pTeX, Version 3.14159265-p3.6-141210-2.6 (utf8.euc) (TeX Live 2015) (preloaded format=platex 2015.10.4)  6 OCT 2015 12:36
entering extended mode
 restricted \write18 enabled.
 file:line:error style messages enabled.
 %&-line parsing enabled.
**answer-sample
(./answer-sample.tex
pLaTeX2e <2006/11/10> (based on LaTeX2e <2015/01/01> patch level 0)
Babel <3.9l> and hyphenation patterns for 79 languages loaded.
(/usr/local/texlive/2015/texmf-dist/tex/platex/base/jarticle.cls
Document Class: jarticle 2006/06/27 v1.6 Standard pLaTeX class
\c@@paper=\count81
(/usr/local/texlive/2015/texmf-dist/tex/platex/base/jsize10.clo
File: jsize10.clo 2006/06/27 v1.6 Standard pLaTeX file (size option)
)
\c@part=\count82
\c@section=\count83
\c@subsection=\count84
\c@subsubsection=\count85
\c@paragraph=\count86
\c@subparagraph=\count87
\c@figure=\count88
\c@table=\count89
\abovecaptionskip=\skip41
\belowcaptionskip=\skip42
\symmincho=\mathgroup4
LaTeX Font Info:    Overwriting symbol font `mincho' in version `bold'
(Font)                  JY1/mc/m/n --> JY1/gt/m/n on input line 601.
\toclineskip=\dimen118
\@lnumwidth=\dimen119
\bibindent=\dimen120
\heisei=\count90
)
(/usr/local/texlive/2015/texmf-dist/tex/latex/amsmath/amsmath.sty
Package: amsmath 2013/01/14 v2.14 AMS math features
\@mathmargin=\skip43

For additional information on amsmath, use the `?' option.
(/usr/local/texlive/2015/texmf-dist/tex/latex/amsmath/amstext.sty
Package: amstext 2000/06/29 v2.01

(/usr/local/texlive/2015/texmf-dist/tex/latex/amsmath/amsgen.sty
File: amsgen.sty 1999/11/30 v2.0
\@emptytoks=\toks15
\ex@=\dimen121
))
(/usr/local/texlive/2015/texmf-dist/tex/latex/amsmath/amsbsy.sty
Package: amsbsy 1999/11/29 v1.2d
\pmbraise@=\dimen122
)
(/usr/local/texlive/2015/texmf-dist/tex/latex/amsmath/amsopn.sty
Package: amsopn 1999/12/14 v2.01 operator names
)
\inf@bad=\count91
LaTeX Info: Redefining \frac on input line 210.
\uproot@=\count92
\leftroot@=\count93
LaTeX Info: Redefining \overline on input line 306.
\classnum@=\count94
\DOTSCASE@=\count95
LaTeX Info: Redefining \ldots on input line 378.
LaTeX Info: Redefining \dots on input line 381.
LaTeX Info: Redefining \cdots on input line 466.
\Mathstrutbox@=\box41
\strutbox@=\box42
\big@size=\dimen123
LaTeX Font Info:    Redeclaring font encoding OML on input line 566.
LaTeX Font Info:    Redeclaring font encoding OMS on input line 567.
\macc@depth=\count96
\c@MaxMatrixCols=\count97
\dotsspace@=\muskip10
\c@parentequation=\count98
\dspbrk@lvl=\count99
\tag@help=\toks16
\row@=\count100
\column@=\count101
\maxfields@=\count102
\andhelp@=\toks17
\eqnshift@=\dimen124
\alignsep@=\dimen125
\tagshift@=\dimen126
\tagwidth@=\dimen127
\totwidth@=\dimen128
\lineht@=\dimen129
\@envbody=\toks18
\multlinegap=\skip44
\multlinetaggap=\skip45
\mathdisplay@stack=\toks19
LaTeX Info: Redefining \[ on input line 2665.
LaTeX Info: Redefining \] on input line 2666.
)
(/usr/local/texlive/2015/texmf-dist/tex/platex/base/ascmac.sty
(/usr/local/texlive/2015/texmf-dist/tex/platex/base/tascmac.sty
\@savetbaselineshift=\dimen130
\@saveybaselineshift=\dimen131
\scb@x=\box43
\scscb@x=\box44
\@bw=\dimen132
\@nbox=\box45
\@nbody=\box46
\@scw=\dimen133
\@itemh=\dimen134
\@iboxpos=\toks20
\@iboxstr=\box47
\@bwsp=\box48
\@@bwsp=\box49
\@bcal=\count103
\shaderule=\dimen135
))
(/usr/local/texlive/2015/texmf-dist/tex/latex/amsfonts/amssymb.sty
Package: amssymb 2013/01/14 v3.01 AMS font symbols

(/usr/local/texlive/2015/texmf-dist/tex/latex/amsfonts/amsfonts.sty
Package: amsfonts 2013/01/14 v3.01 Basic AMSFonts support
\symAMSa=\mathgroup5
\symAMSb=\mathgroup6
LaTeX Font Info:    Overwriting math alphabet `\mathfrak' in version `bold'
(Font)                  U/euf/m/n --> U/euf/b/n on input line 106.
))
(/usr/local/texlive/texmf-local/tex/latex/local/misc/tools/enumerate.sty
Package: enumerate 2014/10/28 v3.00 enumerate extensions (DPC)
\@enLab=\toks21
)
(/usr/local/texlive/texmf-local/tex/latex/local/misc/tools/multicol.sty
Package: multicol 2015/03/31 v1.8m multicolumn formatting (FMi)
\c@tracingmulticols=\count104
\mult@box=\box50
\multicol@leftmargin=\dimen136
\c@unbalance=\count105
\c@collectmore=\count106
\doublecol@number=\count107
\multicoltolerance=\count108
\multicolpretolerance=\count109
\full@width=\dimen137
\page@free=\dimen138
\premulticols=\dimen139
\postmulticols=\dimen140
\multicolsep=\skip46
\multicolbaselineskip=\skip47
\partial@page=\box51
\last@line=\box52
\maxbalancingoverflow=\dimen141
\mult@rightbox=\box53
\mult@grightbox=\box54
\mult@gfirstbox=\box55
\mult@firstbox=\box56
\@tempa=\box57
\@tempa=\box58
\@tempa=\box59
\@tempa=\box60
\@tempa=\box61
\@tempa=\box62
\@tempa=\box63
\@tempa=\box64
\@tempa=\box65
\@tempa=\box66
\@tempa=\box67
\@tempa=\box68
\@tempa=\box69
\@tempa=\box70
\@tempa=\box71
\@tempa=\box72
\@tempa=\box73
\c@columnbadness=\count110
\c@finalcolumnbadness=\count111
\last@try=\dimen142
\multicolovershoot=\dimen143
\multicolundershoot=\dimen144
\mult@nat@firstbox=\box74
\colbreak@box=\box75
\mc@col@check@num=\count112
)
(/usr/local/texlive/texmf-local/tex/latex/local/misc/framed/framed.sty
Package: framed 2011/10/22 v 0.96: framed or shaded text with page breaks
\OuterFrameSep=\skip48
\fb@frw=\dimen145
\fb@frh=\dimen146
\FrameRule=\dimen147
\FrameSep=\dimen148
)
(/usr/local/texlive/2015/texmf-dist/tex/latex/fancyhdr/fancyhdr.sty
\fancy@headwidth=\skip49
\f@ncyO@elh=\skip50
\f@ncyO@erh=\skip51
\f@ncyO@olh=\skip52
\f@ncyO@orh=\skip53
\f@ncyO@elf=\skip54
\f@ncyO@erf=\skip55
\f@ncyO@olf=\skip56
\f@ncyO@orf=\skip57
)
(/usr/local/texlive/2015/texmf-dist/tex/latex/base/latexsym.sty
Package: latexsym 1998/08/17 v2.2e Standard LaTeX package (lasy symbols)
\symlasy=\mathgroup7
LaTeX Font Info:    Overwriting symbol font `lasy' in version `bold'
(Font)                  U/lasy/m/n --> U/lasy/b/n on input line 52.
)
(/usr/local/texlive/texmf-local/tex/latex/local/misc/indent.sty)
(/usr/local/texlive/2015/texmf-dist/tex/latex/graphics/graphicx.sty
Package: graphicx 2014/10/28 v1.0g Enhanced LaTeX Graphics (DPC,SPQR)

(/usr/local/texlive/2015/texmf-dist/tex/latex/graphics/keyval.sty
Package: keyval 2014/10/28 v1.15 key=value parser (DPC)
\KV@toks@=\toks22
)
(/usr/local/texlive/2015/texmf-dist/tex/latex/graphics/graphics.sty
Package: graphics 2014/10/28 v1.0p Standard LaTeX Graphics (DPC,SPQR)

(/usr/local/texlive/2015/texmf-dist/tex/latex/graphics/trig.sty
Package: trig 1999/03/16 v1.09 sin cos tan (DPC)
)
(/usr/local/texlive/2015/texmf-dist/tex/latex/latexconfig/graphics.cfg
File: graphics.cfg 2010/04/23 v1.9 graphics configuration of TeX Live
)
Package graphics Info: Driver file: dvips.def on input line 94.

(/usr/local/texlive/2015/texmf-dist/tex/latex/graphics/dvips.def
File: dvips.def 2014/10/14 v3.0j Driver-dependent file (DPC,SPQR)
))
\Gin@req@height=\dimen149
\Gin@req@width=\dimen150
)
(/usr/local/texlive/2015/texmf-dist/tex/latex/graphics/color.sty
Package: color 2014/10/28 v1.1a Standard LaTeX Color (DPC)

(/usr/local/texlive/2015/texmf-dist/tex/latex/latexconfig/color.cfg
File: color.cfg 2007/01/18 v1.5 color configuration of teTeX/TeXLive
)
Package color Info: Driver file: dvips.def on input line 142.

(/usr/local/texlive/2015/texmf-dist/tex/latex/graphics/dvipsnam.def
File: dvipsnam.def 2014/10/14 v3.0j Driver-dependent file (DPC,SPQR)
))
(/usr/local/texlive/texmf-local/tex/latex/local/misc/emathc150309/emath.sty
\EM@boxa=\box76
\bsityuubox=\box77
Package: emath 2014/10/22 2.74

(/usr/local/texlive/texmf-local/tex/latex/local/misc/makerobust.sty)
(/usr/local/texlive/texmf-local/tex/latex/local/misc/emathc150309/emathC.sty
Package: emathC 2015/02/26 v1.15

(/usr/local/texlive/texmf-local/tex/latex/local/misc/tools/calc.sty
Package: calc 2014/10/28 v4.3 Infix arithmetic (KKT,FJ)
\calc@Acount=\count113
\calc@Bcount=\count114
\calc@Adimen=\dimen151
\calc@Bdimen=\dimen152
\calc@Askip=\skip58
\calc@Bskip=\skip59
LaTeX Info: Redefining \setlength on input line 80.
LaTeX Info: Redefining \addtolength on input line 81.
\calc@Ccount=\count115
\calc@Cskip=\skip60
)
(/usr/local/texlive/2015/texmf-dist/tex/latex/base/ifthen.sty
Package: ifthen 2014/09/29 v1.1c Standard LaTeX ifthen package (DPC)
)
(/usr/local/texlive/texmf-local/tex/latex/local/misc/emathc150309/EMhairetu.sty
Package: EMhairetu 2014/03/17 v0.04beta
)
\c@tempcnta=\count116
\templa=\dimen153
\h@ndle=\read1
\em@whndl=\write3
\emath@toks@=\toks23
\Sett@width=\dimen154
) (/usr/local/texlive/texmf-local/tex/latex/local/misc/emathc150309/emathE.sty
Package: emathE 2013/11/21 v1.15 extended enumerate
(/usr/local/texlive/texmf-local/tex/latex/local/misc/emathc150309/emathEc.sty
Package: emathEc 2014/09/27 v0.22

(/usr/local/texlive/texmf-local/tex/latex/local/misc/emathc150309/emathK.sty
Package: emathK 2014/01/26 0.15
)
(/usr/local/texlive/texmf-local/tex/latex/local/misc/emathc150309/emathLb.sty
Package: emathLb 2015/01/22 v 0.27
)
\kizami@ti=\count117
\syoki@ti=\count118
\em@label@box=\box78
\c@enumT=\count119
\c@enumTi=\count120
\c@enumTii=\count121
\c@enumTiii=\count122
) (/usr/local/texlive/texmf-local/tex/latex/local/misc/emathc150309/jquote.sty
Package: jquote 2012/11/23 v0.14
)
\c@Enumi=\count123
\c@Enumii=\count124
\c@Enumiii=\count125
\c@Enumiv=\count126
\tkn@Enum@ang=\toks24
\tkn@Enum@opt=\toks25
)
\c@marginpar=\count127
\c@tempcntb=\count128
\templb=\dimen155
\templc=\dimen156
\tempboxa=\box79
\tempboxb=\box80
\EMc@hizyosuu=\count129
\EMc@syou=\count130
\EMc@zyo@amari=\count131
\GCM=\count132
LaTeX Info: Redefining \to on input line 1478.
\renritu@hidariyohaku=\dimen157
LaTeX Info: Redefining \mathstrut on input line 2519.
LaTeX Font Info:    Try loading font information for U+msa on input line 2567.
(/usr/local/texlive/2015/texmf-dist/tex/latex/amsfonts/umsa.fd
File: umsa.fd 2013/01/14 v3.01 AMS symbols A
)
LaTeX Font Info:    Try loading font information for U+msb on input line 2567.

(/usr/local/texlive/2015/texmf-dist/tex/latex/amsfonts/umsb.fd
File: umsb.fd 2013/01/14 v3.01 AMS symbols B
)
LaTeX Font Info:    Try loading font information for U+lasy on input line 2567.


(/usr/local/texlive/2015/texmf-dist/tex/latex/base/ulasy.fd
File: ulasy.fd 1998/08/17 v2.2e LaTeX symbol font definitions
)
\@ltxlinelen=\dimen158
\fileophndl=\read2
LaTeX Info: Redefining \because on input line 3379.
LaTeX Info: Redefining \therefore on input line 3381.
)
(/usr/local/texlive/texmf-local/tex/latex/local/misc/emathc150309/emathPp.sty
Package: emathPp 2014/12/06 v 1.20

(/usr/local/texlive/texmf-local/tex/latex/local/misc/emathc150309/emathPh.sty
Package: emathPh 2014/11/19 v 4.85

(/usr/local/texlive/2015/texmf-dist/tex/latex/eepic/epic.sty
Enhancements to Picture Environment. Version 1.2 - Released June 1, 1986
\@@multicnt=\count133
\d@lta=\count134
\@delta=\dimen159
\@@delta=\dimen160
\@gridcnt=\count135
\@joinkind=\count136
\@dotgap=\dimen161
\@ddotgap=\dimen162
\@x@diff=\count137
\@y@diff=\count138
\x@diff=\dimen163
\y@diff=\dimen164
\@dotbox=\box81
\num@segments=\count139
\num@segmentsi=\count140
\@datafile=\read3
) (/usr/local/texlive/2015/texmf-dist/tex/latex/eepic/eepic.sty
Extension to Epic and LaTeX. Version 1.1e - Released Dec 21, 1999
\@gphlinewidth=\count141
\@eepictcnt=\count142
\@tempdimc=\dimen165
\maxovaldiam=\dimen166
\@filltype=\box82
)
load eepic
(/usr/local/texlive/texmf-local/tex/latex/local/misc/emathc150309/EMcolor.sty
Package: EMcolor 2010/06/20 v 0.01

(/usr/local/texlive/texmf-local/tex/latex/local/misc/emathc150309/EMrgbcolornam
.def
File: EMrgbcolornam.def 2008/08/16 v0.01
))
\@tempdimd=\dimen167
\DHS@seq=\toks26
\yasen@toks=\toks27
\tenretu@namae=\toks28
\namae@opt=\toks29
\@tmpla=\dimen168
\c@enumKT=\count143
LaTeX Info: Redefining \Deruta on input line 14004.
)
(/usr/local/texlive/texmf-local/tex/latex/local/misc/emathc150309/emathPl.sty
Package: emathPl 2014/11/13 v 0.46
\pl@in=\read4
)
(/usr/local/texlive/texmf-local/tex/latex/local/misc/emathc150309/Ytenretu.sty
Package: Ytenretu 2013/06/25 v0.04alpha
)) (/usr/local/texlive/2015/texmf-dist/tex/latex/cases/cases.sty
Package: cases 2002/05/02 ver 2.5 
)
(./answer-sample.aux)
\openout1 = `answer-sample.aux'.

LaTeX Font Info:    Checking defaults for OML/cmm/m/it on input line 21.
LaTeX Font Info:    ... okay on input line 21.
LaTeX Font Info:    Checking defaults for T1/cmr/m/n on input line 21.
LaTeX Font Info:    ... okay on input line 21.
LaTeX Font Info:    Checking defaults for OT1/cmr/m/n on input line 21.
LaTeX Font Info:    ... okay on input line 21.
LaTeX Font Info:    Checking defaults for OMS/cmsy/m/n on input line 21.
LaTeX Font Info:    ... okay on input line 21.
LaTeX Font Info:    Checking defaults for OMX/cmex/m/n on input line 21.
LaTeX Font Info:    ... okay on input line 21.
LaTeX Font Info:    Checking defaults for U/cmr/m/n on input line 21.
LaTeX Font Info:    ... okay on input line 21.
LaTeX Font Info:    Checking defaults for JY1/mc/m/n on input line 21.
LaTeX Font Info:    ... okay on input line 21.
LaTeX Font Info:    Checking defaults for JT1/mc/m/n on input line 21.
LaTeX Font Info:    ... okay on input line 21.
LaTeX Info: Redefining \colorbox on input line 21.
\openout3 = `hoge--------.pl'.

runsystem(perl hoge--------.pl)...disabled (restricted).



LaTeX Warning: emathPp : you cannot use perl on input line 21.

(/usr/local/texlive/texmf-local/tex/latex/local/misc/mymacros/macros.tex
\c@nombre=\count144
\c@nombresub=\count145
\c@todai=\count146
\c@todaisub=\count147
)
LaTeX Font Info:    Font shape `JT1/mc/bx/n' in size <10> not available
(Font)              Font shape `JT1/gt/m/n' tried instead on input line 30.
LaTeX Font Info:    Font shape `JY1/mc/bx/n' in size <10> not available
(Font)              Font shape `JY1/gt/m/n' tried instead on input line 30.


Package Fancyhdr Warning: \headheight is too small (12.0pt): 
 Make it at least 15.0pt.
 We now make it that large for the rest of the document.
 This may cause the page layout to be inconsistent, however.

[1

] (./answer-sample.aux) ) 
Here is how much of TeX's memory you used:
 9678 strings out of 493777
 100473 string characters out of 6151334
 296297 words of memory out of 5000000
 13084 multiletter control sequences out of 15000+600000
 9940 words of font info for 44 fonts, out of 8000000 for 9000
 929 hyphenation exceptions out of 8191
 37i,14n,43p,255b,381s stack positions out of 5000i,500n,10000p,200000b,80000s

Output written on answer-sample.dvi (1 page, 740 bytes).
