This is e-pTeX, Version 3.14159265-p3.8.0-180226-2.6 (utf8.euc) (TeX Live 2018) (preloaded format=platex 2018.9.3)  24 JUN 2019 15:35
entering extended mode
 restricted \write18 enabled.
 %&-line parsing enabled.
**brillouin_zones.tex
(./brillouin_zones.tex
pLaTeX2e <2018-04-01>+1 (based on LaTeX2e <2018-04-01> patch level 2)
Babel <3.18> and hyphenation patterns for 84 language(s) loaded.
(/usr/local/texlive/2018/texmf-dist/tex/latex/base/article.cls
Document Class: article 2014/09/29 v1.4h Standard LaTeX document class
(/usr/local/texlive/2018/texmf-dist/tex/latex/base/size12.clo
File: size12.clo 2014/09/29 v1.4h Standard LaTeX file (size option)
)
\c@part=\count83
\c@section=\count84
\c@subsection=\count85
\c@subsubsection=\count86
\c@paragraph=\count87
\c@subparagraph=\count88
\c@figure=\count89
\c@table=\count90
\abovecaptionskip=\skip41
\belowcaptionskip=\skip42
\bibindent=\dimen118
)
(/usr/local/texlive/2018/texmf-dist/tex/latex/graphics/graphicx.sty
Package: graphicx 2017/06/01 v1.1a Enhanced LaTeX Graphics (DPC,SPQR)

(/usr/local/texlive/2018/texmf-dist/tex/latex/graphics/keyval.sty
Package: keyval 2014/10/28 v1.15 key=value parser (DPC)
\KV@toks@=\toks15
)
(/usr/local/texlive/2018/texmf-dist/tex/latex/graphics/graphics.sty
Package: graphics 2017/06/25 v1.2c Standard LaTeX Graphics (DPC,SPQR)

(/usr/local/texlive/2018/texmf-dist/tex/latex/graphics/trig.sty
Package: trig 2016/01/03 v1.10 sin cos tan (DPC)
)
(/usr/local/texlive/2018/texmf-dist/tex/latex/graphics-cfg/graphics.cfg
File: graphics.cfg 2016/06/04 v1.11 sample graphics configuration
)
Package graphics Info: Driver file: dvipdfmx.def on input line 99.

(/usr/local/texlive/2018/texmf-dist/tex/latex/graphics-def/dvipdfmx.def
File: dvipdfmx.def 2017/06/24 v5.0g Graphics/color driver for dvipdfmx
))
\Gin@req@height=\dimen119
\Gin@req@width=\dimen120
)
(/usr/local/texlive/2018/texmf-dist/tex/latex/amsfonts/amssymb.sty
Package: amssymb 2013/01/14 v3.01 AMS font symbols

(/usr/local/texlive/2018/texmf-dist/tex/latex/amsfonts/amsfonts.sty
Package: amsfonts 2013/01/14 v3.01 Basic AMSFonts support
\@emptytoks=\toks16
\symAMSa=\mathgroup4
\symAMSb=\mathgroup5
LaTeX Font Info:    Overwriting math alphabet `\mathfrak' in version `bold'
(Font)                  U/euf/m/n --> U/euf/b/n on input line 106.
))
(./brillouin_zones.aux)
\openout1 = `brillouin_zones.aux'.

LaTeX Font Info:    Checking defaults for OML/cmm/m/it on input line 27.
LaTeX Font Info:    ... okay on input line 27.
LaTeX Font Info:    Checking defaults for T1/cmr/m/n on input line 27.
LaTeX Font Info:    ... okay on input line 27.
LaTeX Font Info:    Checking defaults for OT1/cmr/m/n on input line 27.
LaTeX Font Info:    ... okay on input line 27.
LaTeX Font Info:    Checking defaults for OMS/cmsy/m/n on input line 27.
LaTeX Font Info:    ... okay on input line 27.
LaTeX Font Info:    Checking defaults for OMX/cmex/m/n on input line 27.
LaTeX Font Info:    ... okay on input line 27.
LaTeX Font Info:    Checking defaults for U/cmr/m/n on input line 27.
LaTeX Font Info:    ... okay on input line 27.
LaTeX Font Info:    Checking defaults for JY1/mc/m/n on input line 27.
LaTeX Font Info:    ... okay on input line 27.
LaTeX Font Info:    Checking defaults for JT1/mc/m/n on input line 27.
LaTeX Font Info:    ... okay on input line 27.
LaTeX Font Info:    Try loading font information for U+msa on input line 36.

(/usr/local/texlive/2018/texmf-dist/tex/latex/amsfonts/umsa.fd
File: umsa.fd 2013/01/14 v3.01 AMS symbols A
)
LaTeX Font Info:    Try loading font information for U+msb on input line 36.

(/usr/local/texlive/2018/texmf-dist/tex/latex/amsfonts/umsb.fd
File: umsb.fd 2013/01/14 v3.01 AMS symbols B
) [1

]
LaTeX Font Info:    Font shape `JT1/mc/bx/n' in size <17.28> not available
(Font)              Font shape `JT1/gt/m/n' tried instead on input line 40.
LaTeX Font Info:    Font shape `JY1/mc/bx/n' in size <17.28> not available
(Font)              Font shape `JY1/gt/m/n' tried instead on input line 40.


LaTeX Font Warning: Font shape `JT1/mc/m/sc' undefined
(Font)              using `JT1/mc/m/n' instead on input line 42.


LaTeX Font Warning: Font shape `JY1/mc/m/sc' undefined
(Font)              using `JY1/mc/m/n' instead on input line 42.

LaTeX Font Info:    Font shape `JT1/mc/bx/n' in size <12> not available
(Font)              Font shape `JT1/gt/m/n' tried instead on input line 66.
LaTeX Font Info:    Font shape `JY1/mc/bx/n' in size <12> not available
(Font)              Font shape `JY1/gt/m/n' tried instead on input line 66.
LaTeX Font Info:    Font shape `JT1/mc/bx/n' in size <14.4> not available
(Font)              Font shape `JT1/gt/m/n' tried instead on input line 87.
LaTeX Font Info:    Font shape `JY1/mc/bx/n' in size <14.4> not available
(Font)              Font shape `JY1/gt/m/n' tried instead on input line 87.
LaTeX Font Info:    Font shape `OT1/cmtt/bx/n' in size <14.4> not available
(Font)              Font shape `OT1/cmtt/m/n' tried instead on input line 87.
[2]
File: images/cubic_bi.png Graphic file (type bmp)
<images/cubic_bi.png>
File: images/fcc_sc.png Graphic file (type bmp)
<images/fcc_sc.png>
File: images/fcc_bi.png Graphic file (type bmp)
<images/fcc_bi.png>
 [3]
File: images/bcc_bi.png Graphic file (type bmp)
<images/bcc_bi.png>
 [4]
File: images/hex.png Graphic file (type bmp)
<images/hex.png>
 [5]
File: images/tri_1.png Graphic file (type bmp)
<images/tri_1.png>
File: images/tri_2.png Graphic file (type bmp)
<images/tri_2.png>
 [6]
File: images/st.png Graphic file (type bmp)
<images/st.png>
 [7]
File: images/stc1.png Graphic file (type bmp)
<images/stc1.png>
File: images/stc2_sc.png Graphic file (type bmp)
<images/stc2_sc.png>
File: images/stc2.png Graphic file (type bmp)
<images/stc2.png>
 [8]
Overfull \hbox (33.00586pt too wide) in paragraph at lines 259--262
\OT1/cmr/m/n/12 The fig-ure has been ob-tained with $\OML/cmm/m/it/12 c=a \OT1/
cmr/m/n/12 = 1\OML/cmm/m/it/12 :\OT1/cmr/m/n/12 4$ ($\OML/cmm/m/it/12 a < c$\OT
1/cmr/m/n/12 ). La-bels cor-re-spond-ing to $[]$
 []

File: images/so.png Graphic file (type bmp)
<images/so.png>
[9]
File: images/ofco_2.png Graphic file (type bmp)
<images/ofco_2.png>
File: images/ofco_1.png Graphic file (type bmp)
<images/ofco_1.png>
 [10]
File: images/ofc_1.png Graphic file (type bmp)
<images/ofc_1.png>
File: images/ofc_2.png Graphic file (type bmp)
<images/ofc_2.png>
File: images/ofc_13.png Graphic file (type bmp)
<images/ofc_13.png>
File: images/ofc_14.png Graphic file (type bmp)
<images/ofc_14.png>
 [11]
File: images/ofc_7.png Graphic file (type bmp)
<images/ofc_7.png>
File: images/ofc_8.png Graphic file (type bmp)
<images/ofc_8.png>
File: images/ofc_3.png Graphic file (type bmp)
<images/ofc_3.png>
File: images/ofc_4.png Graphic file (type bmp)
<images/ofc_4.png>
 [12]
File: images/ofc_15.png Graphic file (type bmp)
<images/ofc_15.png>
File: images/ofc_16.png Graphic file (type bmp)
<images/ofc_16.png>
File: images/ofc_9.png Graphic file (type bmp)
<images/ofc_9.png>
File: images/ofc_10.png Graphic file (type bmp)
<images/ofc_10.png>
 [13]
File: images/ofc_5.png Graphic file (type bmp)
<images/ofc_5.png>
File: images/ofc_6.png Graphic file (type bmp)
<images/ofc_6.png>
File: images/ofc_17.png Graphic file (type bmp)
<images/ofc_17.png>
File: images/ofc_18.png Graphic file (type bmp)
<images/ofc_18.png>
File: images/ofc_11.png Graphic file (type bmp)
<images/ofc_11.png>
File: images/ofc_12.png Graphic file (type bmp)
<images/ofc_12.png>
 [14]
File: images/bco_4.png Graphic file (type bmp)
<images/bco_4.png>
File: images/bco_5.png Graphic file (type bmp)
<images/bco_5.png>
 [15]
File: images/bco_2.png Graphic file (type bmp)
<images/bco_2.png>
File: images/bco_3.png Graphic file (type bmp)
<images/bco_3.png>
File: images/bco_1.png Graphic file (type bmp)
<images/bco_1.png>
File: images/bco_6.png Graphic file (type bmp)
<images/bco_6.png>
 [16]
File: images/monoc.png Graphic file (type bmp)
<images/monoc.png>
 [17]
File: images/monob.png Graphic file (type bmp)
<images/monob.png>
 [18] (./brillouin_zones.aux)

LaTeX Font Warning: Some font shapes were not available, defaults substituted.

 ) 
Here is how much of TeX's memory you used:
 1074 strings out of 493281
 13680 string characters out of 6145042
 79922 words of memory out of 5000000
 4994 multiletter control sequences out of 15000+600000
 20611 words of font info for 83 fonts, out of 8000000 for 9000
 929 hyphenation exceptions out of 8191
 25i,7n,27p,212b,236s stack positions out of 5000i,500n,10000p,200000b,80000s

Output written on brillouin_zones.dvi (18 pages, 36484 bytes).
