This is LuaHBTeX, Version 1.15.0 (TeX Live 2022)  (format=lualatex 2022.8.10)  12 SEP 2022 22:22
 restricted system commands enabled.
**template.tex
(./template.tex
LaTeX2e <2021-11-15> patch level 1
Lua module: luaotfload 2022-03-18 3.21 Lua based OpenType font support
Lua module: lualibs 2021-05-20 2.74 ConTeXt Lua standard libraries.
Lua module: lualibs-extended 2021-05-20 2.74 ConTeXt Lua libraries -- extended c
ollection.
luaotfload | conf : Root cache directory is "/Users/amano/Library/texlive/2022/t
exmf-var/luatex-cache/generic/names".
luaotfload | init : Loading fontloader "fontloader-2022-02-24.lua" from kpse-res
olved path "/usr/local/texlive/2022/texmf-dist/tex/luatex/luaotfload/fontloader-
2022-02-24.lua".
Lua-only attribute luaotfload@noligature = 1
luaotfload | init : Context OpenType loader version 3.119
Inserting `luaotfload.node_processor' at position 1 in `pre_linebreak_filter'.
Inserting `luaotfload.node_processor' at position 1 in `hpack_filter'.
Inserting `luaotfload.glyph_stream' at position 1 in `glyph_stream_provider'.
Inserting `luaotfload.define_font' at position 1 in `define_font'.
Lua-only attribute luaotfload_color_attribute = 2
luaotfload | conf : Root cache directory is "/Users/amano/Library/texlive/2022/t
exmf-var/luatex-cache/generic/names".
Inserting `luaotfload.harf.strip_prefix' at position 1 in `find_opentype_file'.
Inserting `luaotfload.harf.strip_prefix' at position 1 in `find_truetype_file'.
Removing  `luaotfload.glyph_stream' from `glyph_stream_provider'.
Inserting `luaotfload.harf.glyphstream' at position 1 in `glyph_stream_provider'
.
Inserting `luaotfload.harf.finalize_vlist' at position 1 in `post_linebreak_filt
er'.
Inserting `luaotfload.harf.finalize_hlist' at position 2 in `hpack_filter'.
Inserting `luaotfload.cleanup_files' at position 1 in `wrapup_run'.
Inserting `luaotfload.harf.finalize_unicode' at position 1 in `finish_pdffile'.
Inserting `luaotfload.glyphinfo' at position 1 in `glyph_info'.
Lua-only attribute luaotfload.letterspace_done = 3
Inserting `luaotfload.aux.set_sscale_dimens' at position 1 in `luaotfload.patch_
font'.
Inserting `luaotfload.aux.set_font_index' at position 2 in `luaotfload.patch_fon
t'.
Inserting `luaotfload.aux.patch_cambria_domh' at position 3 in `luaotfload.patch
_font'.
Inserting `luaotfload.aux.fixup_fontdata' at position 1 in `luaotfload.patch_fon
t_unsafe'.
Inserting `luaotfload.aux.set_capheight' at position 4 in `luaotfload.patch_font
'.
Inserting `luaotfload.aux.set_xheight' at position 5 in `luaotfload.patch_font'.
Inserting `luaotfload.rewrite_fontname' at position 6 in `luaotfload.patch_font'
. L3 programming layer <2022-02-24>
Inserting `tracingstacklevels' at position 1 in `input_level_string'.
(/usr/local/texlive/2022/texmf-dist/tex/latex/revtex/revtex4-2.cls
Document Class: revtex4-2 2020/10/03 4.2e (https://journals.aps.org/revtex/ for
 documentation)
 Copyright (c) 2019 American Physical Society.
 mailto:revtex@aps.org
 Licensed under the LPPL:
http://www.ctan.org/tex-archive/macros/latex/base/lppl.txt
 Arthur Ogawa <arthur_ogawa at sbcglobal dot net>
 Based on work by David Carlisle <david at dcarlisle.demon.co.uk>
 Version (4.2d,4.2e): Modified by Mark Doyle and Phelype Oleinik
 .
ltxutil[2020/10/03 4.2e utilities package (portions licensed from W. E. Baxter 
web at superscript.com)]
LaTeX Info: Redefining \@centercr on input line 356.
Class revtex4-2 Info: Repairing hyperref-unfriendly LaTeX definition of \mpfoot
note on input line 481.
Class revtex4-2 Info: Repairing broken LateX \@sect on input line 803.
\intertabularlinepenalty=\count183
\@tbpen=\count184
\@arstrutbox@hline=\box50
Class revtex4-2 Info: Repairing broken LaTeX \@xbitor on input line 1834.
Class revtex4-2 Info: Making \typeout \long on input line 2099.
ltxfront[2020/10/03 4.2e frontmatter package (AO,DPC,MD)]
\c@affil=\count185
\c@collab=\count186
\absbox=\box51
ltxgrid[2020/10/03 4.2e page grid package (portions licensed from W. E. Baxter 
web at superscript.com)]
\c@linecount=\count187
\output@latex=\toks16
\box@size@1=\box52
\box@size@2=\box53
\@protection@box=\box54
\@topmark@saved=\toks17
\footins@saved=\box55
\footins@recovered=\box56
\column@recovered=\box57
\pagesofar=\box58
\footsofar=\box59
\pagegrid@col=\count188
Class revtex4-2 Info: Overriding \@vspace, \@vspacer, \@no@pgbk, \@newline, and
 \\  on input line 5665.
\c@part=\count189
\c@section=\count190
\c@subsection=\count191
\c@subsubsection=\count192
\c@paragraph=\count193
\c@subparagraph=\count194
\abovecaptionskip=\skip47
\belowcaptionskip=\skip48
\c@figure=\count195
\fbox@1=\box60
\c@table=\count196
\fbox@2=\box61
\c@video=\count197
\fbox@4=\box62
\@bibdataout=\write3
\widetext@top=\box63
\widetext@bot=\box64
Class revtex4-2 Info: Selecting society aps on input line 7658.
(/usr/local/texlive/2022/texmf-dist/tex/latex/revtex/aps4-2.rtx
File: aps4-2 2020/10/03 4.2e (https://journals.aps.org/revtex/ for documentatio
n)
Class revtex4-2 Info: RevTeX society APS selected on input line 40.
)

Class revtex4-2 Warning: No journal specified, using default pra.

Class revtex4-2 Info: APS journal PRA selected on input line 7661.
(/usr/local/texlive/2022/texmf-dist/tex/latex/revtex/aps10pt4-2.rtx
File: aps10pt4-2 2020/10/03 4.2e (https://journals.aps.org/revtex/ for document
ation)
Class revtex4-2 Info: RevTeX pointsize 10pt selected on input line 39.
)
(/usr/local/texlive/2022/texmf-dist/tex/latex/textcase/textcase.sty
Package: textcase 2019/09/14 v1.00 Text only upper/lower case changing (DPC)
)
(/usr/local/texlive/2022/texmf-dist/tex/latex/amsfonts/amssymb.sty
Package: amssymb 2013/01/14 v3.01 AMS font symbols

(/usr/local/texlive/2022/texmf-dist/tex/latex/amsfonts/amsfonts.sty
Package: amsfonts 2013/01/14 v3.01 Basic AMSFonts support
\@emptytoks=\toks18
\symAMSa=\mathgroup4
\symAMSb=\mathgroup5
LaTeX Font Info:    Redeclaring math symbol \hbar on input line 98.
LaTeX Font Info:    Overwriting math alphabet `\mathfrak' in version `bold'
(Font)                  U/euf/m/n --> U/euf/b/n on input line 106.
))
(/usr/local/texlive/2022/texmf-dist/tex/latex/amsmath/amsmath.sty
Package: amsmath 2021/10/15 v2.17l AMS math features
\@mathmargin=\skip49

For additional information on amsmath, use the `?' option.
(/usr/local/texlive/2022/texmf-dist/tex/latex/amsmath/amstext.sty
Package: amstext 2021/08/26 v2.01 AMS text

(/usr/local/texlive/2022/texmf-dist/tex/latex/amsmath/amsgen.sty
File: amsgen.sty 1999/11/30 v2.0 generic functions
\@emptytoks=\toks19
\ex@=\dimen137
)
LaTeX Info: Redefining \text on input line 28.
)
(/usr/local/texlive/2022/texmf-dist/tex/latex/amsmath/amsbsy.sty
Package: amsbsy 1999/11/29 v1.2d Bold Symbols
\pmbraise@=\dimen138
)
(/usr/local/texlive/2022/texmf-dist/tex/latex/amsmath/amsopn.sty
Package: amsopn 2021/08/26 v2.02 operator names
)
\inf@bad=\count198
LaTeX Info: Redefining \frac on input line 236.
\uproot@=\count199
\leftroot@=\count266
LaTeX Info: Redefining \overline on input line 399.
\classnum@=\count267
\DOTSCASE@=\count268
LaTeX Info: Redefining \ldots on input line 496.
LaTeX Info: Redefining \dots on input line 499.
LaTeX Info: Redefining \cdots on input line 620.
\Mathstrutbox@=\box65
\strutbox@=\box66
\big@size=\dimen139
LaTeX Font Info:    Redeclaring font encoding OML on input line 743.
LaTeX Font Info:    Redeclaring font encoding OMS on input line 744.
\macc@depth=\count269
\c@MaxMatrixCols=\count270
\dotsspace@=\muskip16
\c@parentequation=\count271
\dspbrk@lvl=\count272
\tag@help=\toks20
\row@=\count273
\column@=\count274
\maxfields@=\count275
\andhelp@=\toks21
\eqnshift@=\dimen140
\alignsep@=\dimen141
\tagshift@=\dimen142
\tagwidth@=\dimen143
\totwidth@=\dimen144
\lineht@=\dimen145
\@envbody=\toks22
\multlinegap=\skip50
\multlinetaggap=\skip51
\mathdisplay@stack=\toks23
LaTeX Info: Redefining \[ on input line 2938.
LaTeX Info: Redefining \] on input line 2939.
)
(/usr/local/texlive/2022/texmf-dist/tex/latex/url/url.sty
\Urlmuskip=\muskip17
Package: url 2013/09/16  ver 3.4  Verb mode for urls, etc.
)
(/usr/local/texlive/2022/texmf-dist/tex/latex/natbib/natbib.sty
Package: natbib 2010/09/13 8.31b (PWD, AO)
\bibhang=\skip52
\bibsep=\skip53
LaTeX Info: Redefining \cite on input line 694.
\c@NAT@ctr=\count276
)
Class revtex4-2 Info: Repairing natbib's \BibitemShut on input line 7665.

(/usr/local/texlive/2022/texmf-dist/tex/latex/revtex/revsymb4-2.sty
Package: revsymb4-2 2020/10/03 4.2e (https://journals.aps.org/revtex/ for docum
entation)
LaTeX Info: Redefining \frak on input line 104.
LaTeX Info: Redefining \Bbb on input line 120.
LaTeX Info: Redefining \REV@mathfrak on input line 128.
)
luaotfload | db : Font names database loaded from /Users/amano/Library/texlive/2
022/texmf-var/luatex-cache/generic/names/luaotfload-names.luc.gz)
(/usr/local/texlive/2022/texmf-dist/tex/latex/graphics/graphicx.sty
Package: graphicx 2021/09/16 v1.2d Enhanced LaTeX Graphics (DPC,SPQR)

(/usr/local/texlive/2022/texmf-dist/tex/latex/graphics/keyval.sty
Package: keyval 2014/10/28 v1.15 key=value parser (DPC)
\KV@toks@=\toks24
)
(/usr/local/texlive/2022/texmf-dist/tex/latex/graphics/graphics.sty
Package: graphics 2021/03/04 v1.4d Standard LaTeX Graphics (DPC,SPQR)

(/usr/local/texlive/2022/texmf-dist/tex/latex/graphics/trig.sty
Package: trig 2021/08/11 v1.11 sin cos tan (DPC)
)
(/usr/local/texlive/2022/texmf-dist/tex/latex/graphics-cfg/graphics.cfg
File: graphics.cfg 2016/06/04 v1.11 sample graphics configuration
)
Package graphics Info: Driver file: luatex.def on input line 107.

(/usr/local/texlive/2022/texmf-dist/tex/latex/graphics-def/luatex.def
File: luatex.def 2021/06/01 v1.2c Graphics/color driver for luatex
))
\Gin@req@height=\dimen146
\Gin@req@width=\dimen147
)
(/usr/local/texlive/2022/texmf-dist/tex/latex/tools/dcolumn.sty
Package: dcolumn 2014/10/28 v1.06 decimal alignment package (DPC)

(/usr/local/texlive/2022/texmf-dist/tex/latex/tools/array.sty
Package: array 2021/10/04 v2.5f Tabular extension package (FMi)
\col@sep=\dimen148
\ar@mcellbox=\box67
\extrarowheight=\dimen149
\NC@list=\toks25
\extratabsurround=\skip54
\backup@length=\skip55
\ar@cellbox=\box68
))
(/usr/local/texlive/2022/texmf-dist/tex/latex/tools/bm.sty
Package: bm 2021/04/25 v1.2e Bold Symbol Support (DPC/FMi)
\symboldoperators=\mathgroup6
\symboldletters=\mathgroup7
\symboldsymbols=\mathgroup8
Package bm Info: No bold for \OMX/cmex/m/n, using \pmb.
Package bm Info: No bold for \U/msa/m/n, using \pmb.
Package bm Info: No bold for \U/msb/m/n, using \pmb.
LaTeX Font Info:    Redeclaring math alphabet \mathbf on input line 149.
LaTeX Info: Redefining \bm on input line 218.
)
Class revtex4-2 Info: Unrecognized array package. Please update this document c
lass! (Proceeding with fingers crossed.) on input line 58.
Class revtex4-2 Info: cite was not loaded (OK!) on input line 58.
Class revtex4-2 Info: mcite was not loaded (OK!) on input line 58.
Class revtex4-2 Info: multicol was not loaded (OK!) on input line 58.

(/usr/local/texlive/2022/texmf-dist/tex/latex/l3backend/l3backend-luatex.def
File: l3backend-luatex.def 2022-02-07 L3 backend support: PDF output (LuaTeX)
\l__color_backend_stack_int=\count277
\l__pdf_internal_box=\box69
)
(./template.aux)
\openout1 = template.aux

LaTeX Font Info:    Checking defaults for OML/cmm/m/it on input line 58.
LaTeX Font Info:    ... okay on input line 58.
LaTeX Font Info:    Checking defaults for OMS/cmsy/m/n on input line 58.
LaTeX Font Info:    ... okay on input line 58.
LaTeX Font Info:    Checking defaults for OT1/cmr/m/n on input line 58.
LaTeX Font Info:    ... okay on input line 58.
LaTeX Font Info:    Checking defaults for T1/cmr/m/n on input line 58.
LaTeX Font Info:    ... okay on input line 58.
LaTeX Font Info:    Checking defaults for TS1/cmr/m/n on input line 58.
LaTeX Font Info:    Trying to load font information for TS1+cmr on input line 5
8.
 (/usr/local/texlive/2022/texmf-dist/tex/latex/base/ts1cmr.fd
File: ts1cmr.fd 2019/12/16 v2.5j Standard LaTeX font definitions
)
LaTeX Font Info:    ... okay on input line 58.
LaTeX Font Info:    Checking defaults for TU/lmr/m/n on input line 58.
LaTeX Font Info:    ... okay on input line 58.
LaTeX Font Info:    Checking defaults for OMX/cmex/m/n on input line 58.
LaTeX Font Info:    ... okay on input line 58.
LaTeX Font Info:    Checking defaults for U/cmr/m/n on input line 58.
LaTeX Font Info:    ... okay on input line 58.

(/usr/local/texlive/2022/texmf-dist/tex/context/base/mkii/supp-pdf.mkii
[Loading MPS to PDF converter (version 2006.09.02).]
\scratchcounter=\count278
\scratchdimen=\dimen150
\scratchbox=\box70
\nofMPsegments=\count279
\nofMParguments=\count280
\everyMPshowfont=\toks26
\MPscratchCnt=\count281
\MPscratchDim=\dimen151
\MPnumerator=\count282
\makeMPintoPDFobject=\count283
\everyMPtoPDFconversion=\toks27
) (/usr/local/texlive/2022/texmf-dist/tex/latex/epstopdf-pkg/epstopdf-base.sty
Package: epstopdf-base 2020-01-24 v2.11 Base part for package epstopdf
Package epstopdf-base Info: Redefining graphics rule for `.eps' on input line 4
85.

(/usr/local/texlive/2022/texmf-dist/tex/latex/latexconfig/epstopdf-sys.cfg
File: epstopdf-sys.cfg 2010/07/13 v1.3 Configuration of (r)epstopdf for TeX Liv
e
))
\openout3 = templateNotes.bib


Class revtex4-2 Warning: Assuming \noaffiliation for collaboration.

LaTeX Font Info:    Trying to load font information for U+msa on input line 110
.
(/usr/local/texlive/2022/texmf-dist/tex/latex/amsfonts/umsa.fd
File: umsa.fd 2013/01/14 v3.01 AMS symbols A
)
LaTeX Font Info:    Trying to load font information for U+msb on input line 110
.

(/usr/local/texlive/2022/texmf-dist/tex/latex/amsfonts/umsb.fd
File: umsb.fd 2013/01/14 v3.01 AMS symbols B
)

LaTeX Warning: Reference `eq:wideeq' on page 1 undefined on input line 147.

[1{/usr/local/texlive/2022/texmf-var/fonts/map/pdftex/updmap/pdftex.map}]

Package natbib Warning: Citation `witten2001' on page 2 undefined on input line
 187.


Package natbib Warning: Citation `feyn54' on page 2 undefined on input line 187
.


Package natbib Warning: Citation `epr' on page 2 undefined on input line 196.


Package natbib Warning: Citation `epr' on page 2 undefined on input line 205.


Package natbib Warning: Citation `Beutler1994' on page 2 undefined on input lin
e 219.


Package natbib Warning: Citation `witten2001' on page 2 undefined on input line
 222.


Package natbib Warning: Citation `Bire82' on page 2 undefined on input line 222
.


Package natbib Warning: Citation `feyn54' on page 2 undefined on input line 227
.


Package natbib Warning: Citation `epr' on page 2 undefined on input line 227.


Package natbib Warning: Citation `witten2001' on page 2 undefined on input line
 227.


Package natbib Warning: Citation `Berman1983' on page 2 undefined on input line
 227.


Package natbib Warning: Citation `Davies1998' on page 2 undefined on input line
 227.


Package natbib Warning: Citation `Bire82' on page 2 undefined on input line 227
.


Package natbib Warning: Citation `epr' on page 2 undefined on input line 228.


Package natbib Warning: Citation `feyn54' on page 2 undefined on input line 228
.


Package natbib Warning: Citation `Bire82' on page 2 undefined on input line 228
.


Package natbib Warning: Citation `Berman1983' on page 2 undefined on input line
 228.


Package natbib Warning: Citation `witten2001' on page 2 undefined on input line
 228.


Package natbib Warning: Citation `Davies1998' on page 2 undefined on input line
 228.


Underfull \hbox (badness 1067) in paragraph at lines 252--263
\TU/lmr/m/n/10 BibT[]X (one of these should be by arXiv con-ven-
 []


Underfull \hbox (badness 1221) in paragraph at lines 252--263
\TU/lmr/m/n/10 If not us-ing BibT[]X, you will have to cre-ate the
 []

[2]

Package natbib Warning: Citation `Note1' on page 3 undefined on input line 272.


LaTeX Font Info:    Trying to load font information for U+euf on input line 286
.
(/usr/local/texlive/2022/texmf-dist/tex/latex/amsfonts/ueuf.fd
File: ueuf.fd 2013/01/14 v3.01 Euler Fraktur
)

LaTeX Warning: Reference `eq:one' on page 3 undefined on input line 308.


LaTeX Warning: Reference `eq:one' on page 3 undefined on input line 321.


Underfull \hbox (badness 4819) in paragraph at lines 334--337
[]\TU/lmr/m/n/10 Mul-ti-line equa-tions are ob-tained by us-ing the
 []


LaTeX Warning: Reference `eq:mynum' on page 3 undefined on input line 374.


LaTeX Warning: Reference `subeq:1' on page 3 undefined on ierfull \hbox (badness 2635) in paragraph at lines 413--419
\TU/lmr/m/n/10 Giv-ing a []\TU/lmtt/m/n/10 \label{#1} \TU/lmr/m/n/10 com-mand di
-rectly af-ter the
 []

[3]

LaTeX Warning: Reference `tab:table1' on page 4 undefined on input line 459.


LaTeX Warning: Reference `fig:epsart' on page 4 undefined on input line 483.


! LaTeX Error: File `fig_1' not found.

See the LaTeX manual or LaTeX Companion for explanation.
Type  H <return>  for immediate help.
 ...                                              
                                                  
l.485 \includegraphics{fig_1}
                           % Here is how to import EPS art
? x


Here is how much of LuaTeX's memory you used:
 5056 strings out of 477785
 156268,460012 words of node,token memory allocated 21428 words of node memory still in use:
   205 hlist, 27 vlist, 30 rule, 5 mark, 1 adjust, 104 disc, 12 local_par, 3 dir
, 22 math, 520 glue, 118 kern, 55 penalty, 1694 glyph, 242 attribute, 70 glue_sp
ec, 242 attribute_list, 4 temp, 2 if_stack, 6 write nodes
   avail lists: 1:1,2:392,3:208,4:28,5:703,6:63,7:12279,8:93,9:1130,10:18,11:929

 25575 multiletter control sequences out of 65536+600000
 98 fonts using 6799007 bytes
 69i,16n,72p,401b,480s stack positions out of 10000i,1000n,20000p,200000b,200000s
</usr/local/texlive/2022/texmf-dist/fonts/opentype/public/lm/lmmono10-italic.otf
></usr/local/texlive/2022/texmf-dist/fonts/opentype/public/lm/lmroman10-italic.o
tf></usr/local/texlive/2022/texmf-dist/fonts/opentype/public/lm/lmroman10-bold.o
tf></usr/local/texlive/2022/texmf-dist/fonts/opentype/public/lm/lmroman8-regular
.otf></usr/local/texlive/2022/texmf-dist/fonts/opentype/public/lm/lmmono10-regul
ar.otf></usr/local/texlive/2022/texmf-dist/fonts/opentype/public/lm/lmroman7-reg
ular.otf></usr/local/texlive/2022/texmf-dist/fonts/opentype/public/lm/lmmono9-re
gular.otf></usr/local/texlive/2022/texmf-dist/fonts/opentype/public/lm/lmroman9-
bold.otf></usr/local/texlive/2022/texmf-dist/fonts/opentype/public/lm/lmroman9-r
egular.otf></usr/local/texlive/2022/texmf-dist/fonts/opentype/public/lm/lmroman9
-italic.otf></usr/local/texlive/2022/texmf-dist/fonts/opentype/public/lm/lmroman
10-regular.otf></usr/local/texlive/2022/texmf-dist/fonts/opentype/public/lm/lmro
man12-bold.otf></usr/local/texlive/2022/texmf-dist/fonts/type1/public/amsfonts/c
m/cmbx10.pfb></usr/local/texlive/2022/texmf-dist/fonts/type1/public/amsfonts/cm/
cmex10.pfb></usr/local/texlive/2022/texmf-dist/fonts/type1/public/amsfonts/cm/cm
mi10.pfb></usr/local/texlive/2022/texmf-dist/fonts/type1/public/amsfonts/cm/cmmi
7.pfb></usr/local/texlive/2022/texmf-dist/fonts/type1/public/amsfonts/cm/cmmib10
.pfb></usr/local/texlive/2022/texmf-dist/fonts/type1/public/amsfonts/cm/cmr10.pf
b></usr/local/texlive/2022/texmf-dist/fonts/type1/public/amsfonts/cm/cmr5.pfb></
usr/local/texlive/2022/texmf-dist/fonts/type1/public/amsfonts/cm/cmr7.pfb></usr/
local/texlive/2022/texmf-dist/fonts/type1/public/amsfonts/cm/cmsy10.pfb></usr/lo
cal/texlive/2022/texmf-dist/fonts/type1/public/amsfonts/cm/cmsy6.pfb></usr/local
/texlive/2022/texmf-dist/fonts/type1/public/amsfonts/cm/cmsy7.pfb></usr/local/te
xlive/2022/texmf-dist/fonts/type1/public/amsfonts/cm/cmsy8.pfb></usr/local/texli
ve/2022/texmf-dist/fonts/type1/public/amsfonts/euler/eufm10.pfb></usr/local/texl
ive/2022/texmf-dist/fonts/type1/public/amsfonts/symbols/msam10.pfb></usr/local/t
exlive/2022/texmf-dist/fonts/type1/public/amsfonts/symbols/msbm10.pfb>
Output written on template.pdf (3 pages, 190648 bytes).

PDF statistics: 159 PDF objects out of 1000 (max. 8388607)
 101 compressed objects within 2 object streams
 0 named destinations out of 1000 (max. 131072)
 1 words of extra memory for PDF output out of 10000 (max. 100000000)

